2025-05-01 15:24:41,220 - INFO - Query modified to: hiii
2025-05-01 15:32:21,636 - INFO - Application closed
2025-05-01 15:34:48,492 - INFO - Application closed
2025-05-01 15:35:50,669 - INFO - Directories created successfully
2025-05-01 15:36:21,037 - INFO - Directories created successfully
2025-05-01 15:36:21,037 - INFO - Starting application
2025-05-01 15:36:21,083 - INFO - Window shown
2025-05-01 15:36:21,098 - INFO - Application running
2025-05-01 15:37:53,984 - INFO - Window shown
2025-05-01 15:37:55,558 - INFO - Application closed
2025-05-01 15:38:52,961 - INFO - Directories created successfully
2025-05-01 15:38:52,963 - INFO - Starting application
2025-05-01 15:38:53,035 - INFO - Window shown
2025-05-01 15:38:53,056 - INFO - Application running
2025-05-01 15:39:00,605 - INFO - Application closed
2025-05-06 15:22:05,654 - INFO - Directories created successfully
2025-05-06 15:22:05,654 - INFO - Starting application
2025-05-06 15:22:05,793 - INFO - Window shown
2025-05-06 15:22:05,821 - INFO - Application running
2025-05-06 15:22:14,364 - INFO - Application closed
2025-05-06 15:30:18,790 - INFO - Directories created successfully
2025-05-06 15:30:18,806 - INFO - Starting application
2025-05-06 15:30:18,945 - INFO - Window shown
2025-05-06 15:30:18,991 - INFO - Application running
2025-05-06 15:30:31,384 - INFO - Application closed
2025-05-07 22:45:19,465 - INFO - Directories created successfully
2025-05-07 22:45:19,467 - INFO - Starting application
2025-05-07 22:45:19,562 - INFO - Window shown
2025-05-07 22:45:19,582 - INFO - Application running
2025-05-07 22:45:24,132 - INFO - Application closed
2025-05-07 23:02:21,885 - INFO - Directories created successfully
2025-05-07 23:02:21,887 - INFO - Starting application
2025-05-07 23:02:21,943 - INFO - Window shown
2025-05-07 23:02:21,960 - INFO - Application running
2025-05-07 23:02:33,159 - INFO - Application closed
2025-05-07 23:02:52,578 - INFO - Directories created successfully
2025-05-07 23:02:52,578 - INFO - Starting application
2025-05-07 23:02:52,623 - INFO - Window shown
2025-05-07 23:02:52,644 - INFO - Application running
2025-05-07 23:03:02,627 - INFO - Application closed
